0 info it worked if it ends with ok
1 verbose cli [ '/usr/local/bin/node', '/usr/local/bin/npm', 'start' ]
2 info using npm@3.10.10
3 info using node@v6.10.2
4 verbose run-script [ 'prestart', 'start', 'poststart' ]
5 info lifecycle ribbon@0.1.0~prestart: ribbon@0.1.0
6 silly lifecycle ribbon@0.1.0~prestart: no script for prestart, continuing
7 info lifecycle ribbon@0.1.0~start: ribbon@0.1.0
8 verbose lifecycle ribbon@0.1.0~start: unsafe-perm in lifecycle true
9 verbose lifecycle ribbon@0.1.0~start: PATH: /usr/local/lib/node_modules/npm/bin/node-gyp-bin:/Users/suzi/workspace/ribbon/node_modules/.bin:/Users/suzi/.gvm/vertx/current/bin:/Users/suzi/.gvm/springboot/current/bin:/Users/suzi/.gvm/lazybones/current/bin:/Users/suzi/.gvm/jbake/current/bin:/Users/suzi/.gvm/groovyserv/current/bin:/Users/suzi/.gvm/groovy/current/bin:/Users/suzi/.gvm/griffon/current/bin:/Users/suzi/.gvm/grails/current/bin:/Users/suzi/.gvm/gradle/current/bin:/Users/suzi/.gvm/glide/current/bin:/Users/suzi/.gvm/gaiden/current/bin:/Users/suzi/.gvm/crash/current/bin:/Users/suzi/.gvm/asciidoctorj/current/bin:/opt/local/bin:/opt/local/sbin:/opt/local/bin:/opt/local/sbin:/opt/local/bin:/opt/subversion/bin:/opt/local/lib/postgresql93/bin:/usr/local/bin:/usr/bin:/bin:/usr/sbin:/sbin:/opt/X11/bin:/Developer-3.2.6/usr/bin:/Users/suzi/tools/apache-maven-3.0.5/bin
10 verbose lifecycle ribbon@0.1.0~start: CWD: /Users/suzi/workspace/ribbon
11 silly lifecycle ribbon@0.1.0~start: Args: [ '-c', 'nwb serve-react-demo' ]
12 info lifecycle ribbon@0.1.0~start: Failed to exec start script
13 verbose stack Error: ribbon@0.1.0 start: `nwb serve-react-demo`
13 verbose stack spawn ENOENT
13 verbose stack     at ChildProcess.<anonymous> (/usr/local/lib/node_modules/npm/lib/utils/spawn.js:33:16)
13 verbose stack     at emitTwo (events.js:106:13)
13 verbose stack     at ChildProcess.emit (events.js:191:7)
13 verbose stack     at maybeClose (internal/child_process.js:886:16)
13 verbose stack     at Process.ChildProcess._handle.onexit (internal/child_process.js:226:5)
14 verbose pkgid ribbon@0.1.0
15 verbose cwd /Users/suzi/workspace/ribbon
16 error Darwin 16.5.0
17 error argv "/usr/local/bin/node" "/usr/local/bin/npm" "start"
18 error node v6.10.2
19 error npm  v3.10.10
20 error file sh
21 error code ELIFECYCLE
22 error errno ENOENT
23 error syscall spawn
24 error ribbon@0.1.0 start: `nwb serve-react-demo`
24 error spawn ENOENT
25 error Failed at the ribbon@0.1.0 start script 'nwb serve-react-demo'.
25 error Make sure you have the latest version of node.js and npm installed.
25 error If you do, this is most likely a problem with the ribbon package,
25 error not with npm itself.
25 error Tell the author that this fails on your system:
25 error     nwb serve-react-demo
25 error You can get information on how to open an issue for this project with:
25 error     npm bugs ribbon
25 error Or if that isn't available, you can get their info via:
25 error     npm owner ls ribbon
25 error There is likely additional logging output above.
26 verbose exit [ 1, true ]
